Removed Pin From Net: NetName=A1 Pin=R1-1
Removed Pin From Net: NetName=GND Pin=R1-2
Removed Pin From Net: NetName=A2 Pin=R2-1
Removed Pin From Net: NetName=GND Pin=R2-2
Removed Pin From Net: NetName=A3 Pin=R3-1
Removed Pin From Net: NetName=GND Pin=R3-2
Change Component Footprint: Designator=R1 Old Footprint=FP-RP731J-MFG New Footprint=RESA60-630X240
Change Component Footprint: Designator=R2 Old Footprint=FP-RP731J-MFG New Footprint=RESA60-630X240
Change Component Footprint: Designator=R3 Old Footprint=FP-RP731J-MFG New Footprint=RESA60-630X240
Change Component Footprint: Designator=R4 Old Footprint=FP-RP731J-MFG New Footprint=RESA60-630X240
Change Component Footprint: Designator=R5 Old Footprint=FP-RP731J-MFG New Footprint=RESA60-630X240
Change Component Comment : Designator=R1 Old Comment=RP73D1J10KBTDG New Comment=MFR-25FBF5210K
Change Component Comment : Designator=R2 Old Comment=RP73D1J10KBTDG New Comment=MFR-25FBF5210K
Change Component Comment : Designator=R3 Old Comment=RP73D1J10KBTDG New Comment=MFR-25FBF5210K
Change Component Comment : Designator=R4 Old Comment=RP73D1J10KBTDG New Comment=MFR-25FBF5210K
Change Component Comment : Designator=R5 Old Comment=RP73D1J10KBTDG New Comment=MFR-25FBF5210K
Added Pin To Net: NetName=GND Pin=R1-1
Added Pin To Net: NetName=A1 Pin=R1-2
Added Pin To Net: NetName=GND Pin=R2-1
Added Pin To Net: NetName=A2 Pin=R2-2
Added Pin To Net: NetName=GND Pin=R3-1
Added Pin To Net: NetName=A3 Pin=R3-2
Added Member To Class: ClassName=DCF-ECU Member=Component 6P DT13-6P
Added Member To Class: ClassName=DCF-ECU Member=Component CAN Data 1 CAN Module
Added Member To Class: ClassName=DCF-ECU Member=Component CAN Data 2 CAN Module
Added Member To Class: ClassName=DCF-ECU Member=Component CAN Motor 1 CAN Module
Added Member To Class: ClassName=DCF-ECU Member=Component CAN Motor 2 CAN Module
Added Member To Class: ClassName=DCF-ECU Member=Component Teensy4.1 DEV-16771
Added Member To Class: ClassName=DCF-ECU Member=Component VReg B04B-XASK-1(LF)(SN)
