Added Component: Designator=6P(TE_DT13-6P)
Add component (AddParameter): Name = "Availability"; Value = "Unavailable"; VariantName = "[No Variations]"
Add component (AddParameter): Name = "DigiKey-Purchase-URL"; Value = "https://snapeda.com/shop?store=DigiKey&id=1897474"; VariantName = "[No Variations]"
Add component (AddParameter): Name = "EU_RoHS_Compliance"; Value = "Compliant"; VariantName = "[No Variations]"
Add component (AddParameter): Name = "MF"; Value = "TE Connectivity"; VariantName = "[No Variations]"
Add component (AddParameter): Name = "MP"; Value = "DT13-6P"; VariantName = "[No Variations]"
Add component (AddParameter): Name = "Package"; Value = "None"; VariantName = "[No Variations]"
Add component (AddParameter): Name = "Price"; Value = "None"; VariantName = "[No Variations]"
Add component (AddParameter): Name = "SnapEDA_Link"; Value = "https://www.snapeda.com/parts/DT13-6P/TE%20Connectivity%20Deutsch%20Connectors/view-part/1897474/?ref=snap"; VariantName = "[No Variations]"
Add component (AddParameter): Name = "Value"; Value = ""; VariantName = "[No Variations]"
Add Component: Footprint Not Found CAN Module-Footprint-1
Add Component: Footprint Not Found CAN Module-Footprint-1
Added Component: Designator=LoRA(FP-RFM95W-868S2-MFG)
Add component (AddParameter): Name = "Case/Package"; Value = "SMD/SMT"; VariantName = "[No Variations]"
Add component (AddParameter): Name = "Current - Receiving"; Value = "12.1mA"; VariantName = "[No Variations]"
Add component (AddParameter): Name = "Current - Transmitting"; Value = "120mA"; VariantName = "[No Variations]"
Add component (AddParameter): Name = "Data Rate"; Value = "300Kbps"; VariantName = "[No Variations]"
Add component (AddParameter): Name = "Frequency"; Value = "868MHz"; VariantName = "[No Variations]"
Add component (AddParameter): Name = "Interface"; Value = "SPI"; VariantName = "[No Variations]"
Add component (AddParameter): Name = "Max Operating Temperature"; Value = "70°C"; VariantName = "[No Variations]"
Add component (AddParameter): Name = "Min Operating Temperature"; Value = "-20°C"; VariantName = "[No Variations]"
Add component (AddParameter): Name = "Mount"; Value = "Surface Mount"; VariantName = "[No Variations]"
Add component (AddParameter): Name = "Packaging"; Value = "Bulk"; VariantName = "[No Variations]"
Add component (AddParameter): Name = "Sensitivity"; Value = "-123dBm"; VariantName = "[No Variations]"
Added Component: Designator=Teensy4.1(MODULE_DEV-16771)
Add component (AddParameter): Name = "Check_prices"; Value = "https://www.snapeda.com/parts/DEV-16771/SparkFun+Electronics/view-part/?ref=eda"; VariantName = "[No Variations]"
Add component (AddParameter): Name = "MF"; Value = "SparkFun Electronics"; VariantName = "[No Variations]"
Add component (AddParameter): Name = "MP"; Value = "DEV-16771"; VariantName = "[No Variations]"
Add component (AddParameter): Name = "Package"; Value = "None"; VariantName = "[No Variations]"
Add component (AddParameter): Name = "SnapEDA_Link"; Value = "https://www.snapeda.com/parts/DEV-16771/SparkFun+Electronics/view-part/?ref=snap"; VariantName = "[No Variations]"
Add component (AddParameter): Name = "Value"; Value = ""; VariantName = "[No Variations]"
Added Component: Designator=VReg(FP-B04B-XASK-1_LF_SN-MFG)
Add component (AddParameter): Name = "Automotive"; Value = "No"; VariantName = "[No Variations]"
Add component (AddParameter): Name = "Category"; Value = "Conn"; VariantName = "[No Variations]"
Add component (AddParameter): Name = "ComponentLink2Description"; Value = "Datasheet"; VariantName = "[No Variations]"
Add component (AddParameter): Name = "ComponentLink2URL"; Value = "http://www.jst-mfg.com/product/pdf/eng/eXA1.pdf"; VariantName = "[No Variations]"
Add component (AddParameter): Name = "Conn Gender"; Value = "Male"; VariantName = "[No Variations]"
Add component (AddParameter): Name = "Conn Orientation"; Value = "Straight"; VariantName = "[No Variations]"
Add component (AddParameter): Name = "Contact Material"; Value = "Tin,Copper"; VariantName = "[No Variations]"
Add component (AddParameter): Name = "Current Rating"; Value = "3A"; VariantName = "[No Variations]"
Add component (AddParameter): Name = "Device Class L1"; Value = "Connectors"; VariantName = "[No Variations]"
Add component (AddParameter): Name = "Device Class L2"; Value = "Headers and Wire Housings"; VariantName = "[No Variations]"
Add component (AddParameter): Name = "Device Class L3"; Value = "unset"; VariantName = "[No Variations]"
Add component (AddParameter): Name = "Digikey Description"; Value = "CONN HEADER VERT 4POS 2.5MM"; VariantName = "[No Variations]"
Add component (AddParameter): Name = "Height"; Value = "8.8mm"; VariantName = "[No Variations]"
Add component (AddParameter): Name = "Lead Free"; Value = "Yes"; VariantName = "[No Variations]"
Add component (AddParameter): Name = "Manufacturer"; Value = "JST"; VariantName = "[No Variations]"
Add component (AddParameter): Name = "Manufacturer Part Number"; Value = "B04B-XASK-1(LF)(SN)"; VariantName = "[No Variations]"
Add component (AddParameter): Name = "Number Of Contacts"; Value = "4"; VariantName = "[No Variations]"
Add component (AddParameter): Name = "Number Of Rows"; Value = "1"; VariantName = "[No Variations]"
Add component (AddParameter): Name = "Octopart"; Value = "https://octopart.com/b04b-xask-1%28lf%29%28sn%29-jst-3990149"; VariantName = "[No Variations]"
Add component (AddParameter): Name = "Package"; Value = "B04B-XASK-1(LF)(SN)"; VariantName = "[No Variations]"
Add component (AddParameter): Name = "Pitch"; Value = "2.5mm"; VariantName = "[No Variations]"
Add component (AddParameter): Name = "RoHS"; Value = "TRUE"; VariantName = "[No Variations]"
Add component (AddParameter): Name = "Temperature"; Value = "-25°C to +85°C"; VariantName = "[No Variations]"
Add component (AddParameter): Name = "Temperature Range High"; Value = "+85°C"; VariantName = "[No Variations]"
Add component (AddParameter): Name = "Temperature Range Low"; Value = "-25°C"; VariantName = "[No Variations]"
Add component (AddParameter): Name = "Voltage Rating"; Value = "250V"; VariantName = "[No Variations]"
Added Net: Name=3VCC
Added Pin To Net: NetName=GND Pin=6P-1
Added Pin To Net: NetName=GND Pin=LoRA-6
Added Pin To Net: NetName=GND Pin=LoRA-8
Added Pin To Net: NetName=GND Pin=Teensy4.1-GND1
Added Pin To Net: NetName=GND Pin=VReg-4
Added Net: Name=GND
Added Pin To Net: NetName=Net6P_2 Pin=6P-2
Added Pin To Net: NetName=Net6P_2 Pin=VReg-2
Added Net: Name=Net6P_2
Added Pin To Net: NetName=Net6P_3 Pin=6P-3
Added Net: Name=Net6P_3
Added Pin To Net: NetName=Net6P_4 Pin=6P-4
Added Net: Name=Net6P_4
Added Pin To Net: NetName=Net6P_5 Pin=6P-5
Added Net: Name=Net6P_5
Added Pin To Net: NetName=Net6P_6 Pin=6P-6
Added Net: Name=Net6P_6
Added Pin To Net: NetName=NetCAN Data_1 Pin=Teensy4.1-1
Added Net: Name=NetCAN Data_1
Added Pin To Net: NetName=NetCAN Data_2 Pin=Teensy4.1-0
Added Net: Name=NetCAN Data_2
Added Pin To Net: NetName=NetCAN Motor_1 Pin=Teensy4.1-22
Added Net: Name=NetCAN Motor_1
Added Pin To Net: NetName=NetCAN Motor_2 Pin=Teensy4.1-23
Added Net: Name=NetCAN Motor_2
Added Pin To Net: NetName=NetLoRA_2 Pin=LoRA-2
Added Pin To Net: NetName=NetLoRA_2 Pin=Teensy4.1-12
Added Net: Name=NetLoRA_2
Added Pin To Net: NetName=NetLoRA_3 Pin=LoRA-3
Added Pin To Net: NetName=NetLoRA_3 Pin=Teensy4.1-11
Added Net: Name=NetLoRA_3
Added Pin To Net: NetName=NetLoRA_4 Pin=LoRA-4
Added Pin To Net: NetName=NetLoRA_4 Pin=Teensy4.1-13
Added Net: Name=NetLoRA_4
Added Pin To Net: NetName=NetLoRA_5 Pin=LoRA-5
Added Pin To Net: NetName=NetLoRA_5 Pin=Teensy4.1-10
Added Net: Name=NetLoRA_5
Added Pin To Net: NetName=NetLoRA_13 Pin=LoRA-13
Added Pin To Net: NetName=NetLoRA_13 Pin=Teensy4.1-3.3V_1
Added Net: Name=NetLoRA_13
Added Pin To Net: NetName=NetTeensy4.1_VIN Pin=Teensy4.1-VIN
Added Pin To Net: NetName=NetTeensy4.1_VIN Pin=VReg-3
Added Net: Name=NetTeensy4.1_VIN
Added Class: Name=BlackBox-LORA
Added Rule: Name=Schematic Supply Nets
Added Rule: Name=Schematic Supply Nets_1
