Removed Member From Class: ClassName=PCB_Steering_Wheel_REDO Member=P1
Removed Member From Class: ClassName=PCB_Steering_Wheel_REDO Member=P2
Removed Member From Class: ClassName=PCB_Steering_Wheel_REDO Member=P3
Removed Member From Class: ClassName=PCB_Steering_Wheel_REDO Member=P4
Removed Member From Class: ClassName=PCB_Steering_Wheel_REDO Member=P5
Removed Member From Class: ClassName=PCB_Steering_Wheel_REDO Member=P6
Removed Member From Class: ClassName=PCB_Steering_Wheel_REDO Member=P7
Removed Member From Class: ClassName=PCB_Steering_Wheel_REDO Member=P8
Removed Member From Class: ClassName=PCB_Steering_Wheel_REDO Member=R1
Removed Member From Class: ClassName=PCB_Steering_Wheel_REDO Member=R2
Added Component: Designator=P?(JST-B3P-VH(LF)(SN)-3_V)
Add component (AddParameter): Name = "Case/Package"; Value = "B3P-VH(LF)(SN)"; VariantName = "[No Variations]"
Add component (AddParameter): Name = "Connector Type"; Value = "Header"; VariantName = "[No Variations]"
Add component (AddParameter): Name = "Datasheet URL"; Value = "http://www.jst-mfg.com/product/pdf/eng/eVH.pdf"; VariantName = "[No Variations]"
Add component (AddParameter): Name = "Datasheet Version"; Value = "May-16"; VariantName = "[No Variations]"
Add component (AddParameter): Name = "Gender"; Value = "Male"; VariantName = "[No Variations]"
Add component (AddParameter): Name = "Manufacturer"; Value = "JST"; VariantName = "[No Variations]"
Add component (AddParameter): Name = "Manufacturer URL"; Value = "http://www.jst.com/home2.html"; VariantName = "[No Variations]"
Add component (AddParameter): Name = "Max Current Rating"; Value = ""; VariantName = "[No Variations]"
Add component (AddParameter): Name = "Max Operating Temperature"; Value = "85°C"; VariantName = "[No Variations]"
Add component (AddParameter): Name = "Min Operating Temperature"; Value = "-25°C"; VariantName = "[No Variations]"
Add component (AddParameter): Name = "Mounting Technology"; Value = "TH"; VariantName = "[No Variations]"
Add component (AddParameter): Name = "Package Description"; Value = "Male Header, Pitch 3.96 mm, 1 x 3 Position, Height 10.9 mm, Tail Length 3.7 mm"; VariantName = "[No Variations]"
Add component (AddParameter): Name = "Package Reference"; Value = "B3P-VH(LF)(SN)"; VariantName = "[No Variations]"
Add component (AddParameter): Name = "Pins"; Value = ""; VariantName = "[No Variations]"
Add component (AddParameter): Name = "RoHS Compliant"; Value = "Unknown"; VariantName = "[No Variations]"
Add component (AddParameter): Name = "Voltage Rating"; Value = ""; VariantName = "[No Variations]"
Added Member To Class: ClassName=PCB_Steering_Wheel_REDO Member=Component P? B3P-VH(LF)(SN)
