Removed Pin From Net: NetName=VIN Pin=24-pin-1
Removed Pin From Net: NetName=SCL Pin=24-pin-4
Removed Pin From Net: NetName=SDA Pin=24-pin-5
Removed Pin From Net: NetName=SAS Pin=24-pin-7
Removed Pin From Net: NetName=3.3V Pin=24-pin-8
Removed Pin From Net: NetName=GND Pin=24-pin-17
Removed Pin From Net: NetName=THR POT 1 Pin=24-pin-19
Removed Pin From Net: NetName=THR POT 2 Pin=24-pin-20
Removed Pin From Net: NetName=DAMP POT 4 Pin=24-pin-21
Removed Pin From Net: NetName=DAMP POT 3 Pin=24-pin-22
Removed Pin From Net: NetName=CANL Pin=24-pin-23
Removed Pin From Net: NetName=CANH Pin=24-pin-24
Added Pin To Net: NetName=CANH Pin=24-pin-1
Added Pin To Net: NetName=CANL Pin=24-pin-2
Added Pin To Net: NetName=DAMP POT 3 Pin=24-pin-3
Added Pin To Net: NetName=DAMP POT 4 Pin=24-pin-4
Added Pin To Net: NetName=THR POT 2 Pin=24-pin-5
Added Pin To Net: NetName=THR POT 1 Pin=24-pin-6
Added Pin To Net: NetName=GND Pin=24-pin-8
Added Pin To Net: NetName=3.3V Pin=24-pin-17
Added Pin To Net: NetName=SAS Pin=24-pin-18
Added Pin To Net: NetName=SDA Pin=24-pin-20
Added Pin To Net: NetName=SCL Pin=24-pin-21
Added Pin To Net: NetName=VIN Pin=24-pin-24
