Removed Pin From Net: NetName=CMP1_OUT Pin=COMP1-1
Removed Pin From Net: NetName=CMP2_OUT Pin=COMP1-7
Removed Pin From Net: NetName=CMP3_OUT Pin=COMP2-1
Removed Pin From Net: NetName=CMP4_OUT Pin=COMP2-7
Removed Pin From Net: NetName=CMP5_OUT Pin=COMP3-1
Removed Pin From Net: NetName=CMP6_OUT Pin=COMP3-7
Removed Pin From Net: NetName=CMP1_OUT Pin=R3-1
Removed Pin From Net: NetName=CMP2_OUT Pin=R4-1
Removed Pin From Net: NetName=CMP3_OUT Pin=R5-1
Removed Pin From Net: NetName=CMP4_OUT Pin=R6-1
Removed Pin From Net: NetName=CMP5_OUT Pin=R7-1
Removed Pin From Net: NetName=CMP6_OUT Pin=R8-1
Added Pin To Net: NetName=CMP1A_OUT Pin=COMP1-1
Added Pin To Net: NetName=CMP1A_OUT Pin=R3-1
Added Net: Name=CMP1A_OUT
Added Pin To Net: NetName=CMP1B_OUT Pin=COMP1-7
Added Pin To Net: NetName=CMP1B_OUT Pin=R4-1
Added Net: Name=CMP1B_OUT
Added Pin To Net: NetName=CMP2A_OUT Pin=COMP2-1
Added Pin To Net: NetName=CMP2A_OUT Pin=R5-1
Added Net: Name=CMP2A_OUT
Added Pin To Net: NetName=CMP2B_OUT Pin=COMP2-7
Added Pin To Net: NetName=CMP2B_OUT Pin=R6-1
Added Net: Name=CMP2B_OUT
Added Pin To Net: NetName=CMP3A_OUT Pin=COMP3-1
Added Pin To Net: NetName=CMP3A_OUT Pin=R7-1
Added Net: Name=CMP3A_OUT
Added Pin To Net: NetName=CMP3B_OUT Pin=COMP3-7
Added Pin To Net: NetName=CMP3B_OUT Pin=R8-1
Added Net: Name=CMP3B_OUT
