Removed Pin From Net: NetName=3.3V1 Pin=Brake-2
Removed Pin From Net: NetName=CANH2 Pin=CAN/12V-5
Removed Pin From Net: NetName=CANL2 Pin=CAN/12V-6
Removed Pin From Net: NetName=3.3V1 Pin=Switch-2
Removed Pin From Net: NetName=A1 Pin=Teensy4.1-24
Removed Pin From Net: NetName=A2 Pin=Teensy4.1-25
Removed Pin From Net: NetName=A3 Pin=Teensy4.1-26
Removed Pin From Net: NetName=A4 Pin=Teensy4.1-27
Removed Pin From Net: NetName=3.3V1 Pin=Throttle 1-2
Removed Pin From Net: NetName=3.3V1 Pin=Throttle 2-2
Removed Pin From Net: NetName=A2 Pin=Throttle 2-3
Change Component Designator: OldDesignator=Brake NewDesignator=4P BR
Change Component Designator: OldDesignator=Brake Line NewDesignator=2P BL
Change Component Designator: OldDesignator=CAN/12V NewDesignator=6P
Change Component Designator: OldDesignator=Steering Wheel NewDesignator=6P SWh
Change Component Designator: OldDesignator=Switch NewDesignator=4P SW
Change Component Designator: OldDesignator=Teensy4.0 NewDesignator=Teensy4
Change Component Designator: OldDesignator=Throttle 1 NewDesignator=4P T1
Change Component Designator: OldDesignator=Throttle 2 NewDesignator=4P T2
Added Component: Designator=R6(FP-RP731J-MFG)
Add component (AddParameter): Name = "Automotive"; Value = "No"; VariantName = "[No Variations]"
Add component (AddParameter): Name = "Category"; Value = "Res"; VariantName = "[No Variations]"
Add component (AddParameter): Name = "ComponentLink2Description"; Value = "Datasheet"; VariantName = "[No Variations]"
Add component (AddParameter): Name = "ComponentLink2URL"; Value = "https://www.te.com/commerce/DocumentDelivery/DDEController?Action=srchrtrv&DocNm=1773272&DocType=DS&DocLang=English"; VariantName = "[No Variations]"
Add component (AddParameter): Name = "Composition"; Value = "Thin Film"; VariantName = "[No Variations]"
Add component (AddParameter): Name = "Device Class L1"; Value = "Passive Components"; VariantName = "[No Variations]"
Add component (AddParameter): Name = "Device Class L2"; Value = "Resistors"; VariantName = "[No Variations]"
Add component (AddParameter): Name = "Device Class L3"; Value = "Chip SMD Resistors"; VariantName = "[No Variations]"
Add component (AddParameter): Name = "Height"; Value = "0.55mm"; VariantName = "[No Variations]"
Add component (AddParameter): Name = "Ipc Land Pattern Name"; Value = "RESC15580X45"; VariantName = "[No Variations]"
Add component (AddParameter): Name = "Lead Free"; Value = "Yes"; VariantName = "[No Variations]"
Add component (AddParameter): Name = "Manufacturer"; Value = "TE Connectivity"; VariantName = "[No Variations]"
Add component (AddParameter): Name = "Manufacturer Part Number"; Value = "RP73D1J10KBTDG"; VariantName = "[No Variations]"
Add component (AddParameter): Name = "Octopart"; Value = "https://octopart.com/rp73d1j10kbtdg-te+connectivity-42631518"; VariantName = "[No Variations]"
Add component (AddParameter): Name = "octopart_url"; Value = "https://octopart.com/rp73d1j10kbtdg-te+connectivity-42631518"; VariantName = "[No Variations]"
Add component (AddParameter): Name = "Package"; Value = "RP731J"; VariantName = "[No Variations]"
Add component (AddParameter): Name = "packaging"; Value = "cut tape"; VariantName = "[No Variations]"
Add component (AddParameter): Name = "Power Rating"; Value = "0.1W"; VariantName = "[No Variations]"
Add component (AddParameter): Name = "Resistance"; Value = "10KO"; VariantName = "[No Variations]"
Add component (AddParameter): Name = "RoHS"; Value = "TRUE"; VariantName = "[No Variations]"
Add component (AddParameter): Name = "Series"; Value = "RP73"; VariantName = "[No Variations]"
Add component (AddParameter): Name = "Temperature"; Value = "-55°C to +105°C"; VariantName = "[No Variations]"
Add component (AddParameter): Name = "Temperature Coefficient"; Value = "15ppm/°C"; VariantName = "[No Variations]"
Add component (AddParameter): Name = "Temperature Range High"; Value = "+105°C"; VariantName = "[No Variations]"
Add component (AddParameter): Name = "Temperature Range Low"; Value = "-55°C"; VariantName = "[No Variations]"
Add component (AddParameter): Name = "Tolerance"; Value = "0.1%"; VariantName = "[No Variations]"
Add component (AddParameter): Name = "Value"; Value = "10KO"; VariantName = "[No Variations]"
Add component (AddParameter): Name = "Voltage Rating"; Value = "75V"; VariantName = "[No Variations]"
Added Pin To Net: NetName=3.3V0 Pin=4P BR-2
Added Pin To Net: NetName=3.3V0 Pin=4P SW-2
Added Pin To Net: NetName=3.3V0 Pin=4P T1-2
Added Pin To Net: NetName=3.3V0 Pin=4P T2-2
Added Pin To Net: NetName=CANL2 Pin=6P-5
Added Pin To Net: NetName=CANH2 Pin=6P-6
Added Pin To Net: NetName=A2 Pin=R6-1
Added Pin To Net: NetName=A1 Pin=Teensy4-18
Added Pin To Net: NetName=A2 Pin=Teensy4-19
Added Pin To Net: NetName=A3 Pin=Teensy4-20
Added Pin To Net: NetName=A4 Pin=Teensy4-21
Added Pin To Net: NetName=Net4P T2_3 Pin=4P T2-3
Added Pin To Net: NetName=Net4P T2_3 Pin=R6-2
Added Net: Name=Net4P T2_3
Added Member To Class: ClassName=DCF-ECU Member=Component R6 RP73D1J10KBTDG
