Change Component Designator: OldDesignator=U1 NewDesignator=COMP1
Change Component Designator: OldDesignator=U2 NewDesignator=COMP2
Change Component Designator: OldDesignator=U3 NewDesignator=COMP3
Change Component Designator: OldDesignator=U4 NewDesignator=COMP4
Change Component Designator: OldDesignator=U5 NewDesignator=COMP5
Change Component Designator: OldDesignator=U6 NewDesignator=COMP6
Add Pin To Net: Unknown Pin: Pin C1-1
Add Pin To Net: Unknown Pin: Pin C1-2
Add Pin To Net: Unknown Pin: Pin C2-1
Add Pin To Net: Unknown Pin: Pin C2-2
Add Pin To Net: Unknown Pin: Pin R1-1
Add Pin To Net: Unknown Pin: Pin R1-2
Add Pin To Net: Unknown Pin: Pin R2-1
Add Pin To Net: Unknown Pin: Pin R2-2
Change Net Name : Old Net Name=NetOR_1 New Net Name=NetCOMP1_1
Change Net Name : Old Net Name=NetOR_2 New Net Name=NetCOMP2_1
Change Net Name : Old Net Name=NetOR_5 New Net Name=NetCOMP3_1
Change Net Name : Old Net Name=NetOR_6 New Net Name=NetCOMP4_1
Change Net Name : Old Net Name=NetOR_8 New Net Name=NetCOMP5_1
Change Net Name : Old Net Name=NetOR_9 New Net Name=NetCOMP6_1
Change Net Name : Old Net Name=NetP1_3 New Net Name=NetCOMP1_3
Change Net Name : Old Net Name=NetP2_3 New Net Name=NetCOMP2_2
Change Net Name : Old Net Name=NetP3_3 New Net Name=NetCOMP3_2
Change Net Name : Old Net Name=NetP4_3 New Net Name=NetCOMP4_2
Change Net Name : Old Net Name=NetP5_3 New Net Name=NetCOMP5_2
Change Net Name : Old Net Name=NetP6_3 New Net Name=NetCOMP6_3
Add Class Member: Failed to add class member : Component C1 Capacitor
Add Class Member: Failed to add class member : Component C2 Capacitor
Add Class Member: Failed to add class member : Component R1 Resistor
Add Class Member: Failed to add class member : Component R2 Resistor
